#
# There is insufficient memory for the Java Runtime Environment to continue.
# Native memory allocation (malloc) failed to allocate 864016 bytes for Chunk::new
# Possible reasons:
#   The system is out of physical RAM or swap space
#   The process is running with CompressedOops enabled, and the Java Heap may be blocking the growth of the native heap
# Possible solutions:
#   Reduce memory load on the system
#   Increase physical memory or swap space
#   Check if swap backing store is full
#   Decrease Java heap size (-Xmx/-Xms)
#   Decrease number of Java threads
#   Decrease Java thread stack sizes (-Xss)
#   Set larger code cache with -XX:ReservedCodeCacheSize=
#   JVM is running with Unscaled Compressed Oops mode in which the Java heap is
#     placed in the first 4GB address space. The Java Heap base address is the
#     maximum limit for the native heap growth. Please use -XX:HeapBaseMinAddress
#     to set the Java Heap base and to place the Java Heap above 4GB virtual address.
# This output file may be truncated or incomplete.
#
#  Out of Memory Error (./src/hotspot/share/memory/arena.cpp:197), pid=7760, tid=7084
#
# JRE version: OpenJDK Runtime Environment (11.0.10) (build 11.0.10+0-b96-7249189)
# Java VM: OpenJDK 64-Bit Server VM (11.0.10+0-b96-7249189, mixed mode, tiered, compressed oops, g1 gc, windows-amd64)
# No core dump will be written. Minidumps are not enabled by default on client versions of Windows
#

---------------  S U M M A R Y ------------

Command Line: --add-opens=java.base/java.util=ALL-UNNAMED --add-opens=java.base/java.lang=ALL-UNNAMED --add-opens=java.base/java.lang.invoke=ALL-UNNAMED --add-opens=java.base/java.util=ALL-UNNAMED --add-opens=java.prefs/java.util.prefs=ALL-UNNAMED --add-opens=java.prefs/java.util.prefs=ALL-UNNAMED --add-opens=java.base/java.nio.charset=ALL-UNNAMED --add-opens=java.base/java.net=ALL-UNNAMED --add-opens=java.base/java.util.concurrent.atomic=ALL-UNNAMED -Xmx2048m -Dfile.encoding=UTF-8 -Duser.country=RU -Duser.language=ru -Duser.variant org.gradle.launcher.daemon.bootstrap.GradleDaemon 7.0.2

Host: Intel(R) Core(TM) i5-7200U CPU @ 2.50GHz, 4 cores, 7G,  Windows 10 , 64 bit Build 17763 (10.0.17763.1339)
Time: Wed Oct 27 15:06:53 2021 RTZ 2 (ceia) elapsed time: 10.547680 seconds (0d 0h 0m 10s)

---------------  T H R E A D  ---------------

Current thread (0x000001a733ee2000):  JavaThread "C2 CompilerThread0" daemon [_thread_in_native, id=7084, stack(0x000000765e300000,0x000000765e400000)]


Current CompileTask:
C2:  10547 3499       4       org.codehaus.groovy.runtime.metaclass.MetaMethodIndex::addMethodToList (131 bytes)

Stack: [0x000000765e300000,0x000000765e400000]
Native frames: (J=compiled Java code, j=interpreted, Vv=VM code, C=native code)
V  [jvm.dll+0x5ecfaa]
V  [jvm.dll+0x722bd5]
V  [jvm.dll+0x72412d]
V  [jvm.dll+0x7247e3]
V  [jvm.dll+0x242928]
V  [jvm.dll+0xbc4fc]
V  [jvm.dll+0xbca0c]
V  [jvm.dll+0x2b4fd4]
V  [jvm.dll+0x506028]
V  [jvm.dll+0x1fc985]
V  [jvm.dll+0x1fa77f]
V  [jvm.dll+0x18354c]
V  [jvm.dll+0x208ee7]
V  [jvm.dll+0x207731]
V  [jvm.dll+0x6eb1cf]
V  [jvm.dll+0x6e3d45]
V  [jvm.dll+0x5ebe96]
C  [ucrtbase.dll+0x21ffa]
C  [KERNEL32.DLL+0x17974]
C  [ntdll.dll+0x6a271]


---------------  P R O C E S S  ---------------

Threads class SMR info:
_java_thread_list=0x000001a7369719d0, length=33, elements={
0x000001a71996f800, 0x000001a733551000, 0x000001a733554800, 0x000001a733ed9000,
0x000001a733edb000, 0x000001a733edc800, 0x000001a733ee2000, 0x000001a73356e000,
0x000001a733573000, 0x000001a73402b000, 0x000001a735fcb800, 0x000001a7341be800,
0x000001a735926000, 0x000001a7346a2000, 0x000001a7369cf000, 0x000001a734ea3800,
0x000001a73519e800, 0x000001a7367f9800, 0x000001a7369bc000, 0x000001a7365a0800,
0x000001a7365a2000, 0x000001a7365a5000, 0x000001a7365a6000, 0x000001a7365a7000,
0x000001a7365a4800, 0x000001a7365a1000, 0x000001a7365a2800, 0x000001a7365a3800,
0x000001a73784c800, 0x000001a73784a000, 0x000001a73784d800, 0x000001a73784f000,
0x000001a73784e000
}

Java Threads: ( => current thread )
  0x000001a71996f800 JavaThread "main" [_thread_blocked, id=6200, stack(0x000000765d700000,0x000000765d800000)]
  0x000001a733551000 JavaThread "Reference Handler" daemon [_thread_blocked, id=7124, stack(0x000000765de00000,0x000000765df00000)]
  0x000001a733554800 JavaThread "Finalizer" daemon [_thread_blocked, id=3020, stack(0x000000765df00000,0x000000765e000000)]
  0x000001a733ed9000 JavaThread "Signal Dispatcher" daemon [_thread_blocked, id=3844, stack(0x000000765e000000,0x000000765e100000)]
  0x000001a733edb000 JavaThread "Attach Listener" daemon [_thread_blocked, id=2296, stack(0x000000765e100000,0x000000765e200000)]
  0x000001a733edc800 JavaThread "Service Thread" daemon [_thread_blocked, id=8484, stack(0x000000765e200000,0x000000765e300000)]
=>0x000001a733ee2000 JavaThread "C2 CompilerThread0" daemon [_thread_in_native, id=7084, stack(0x000000765e300000,0x000000765e400000)]
  0x000001a73356e000 JavaThread "C1 CompilerThread0" daemon [_thread_blocked, id=5944, stack(0x000000765e400000,0x000000765e500000)]
  0x000001a733573000 JavaThread "Sweeper thread" daemon [_thread_blocked, id=4936, stack(0x000000765e500000,0x000000765e600000)]
  0x000001a73402b000 JavaThread "Common-Cleaner" daemon [_thread_blocked, id=8956, stack(0x000000765e600000,0x000000765e700000)]
  0x000001a735fcb800 JavaThread "Daemon health stats" [_thread_blocked, id=7180, stack(0x000000765eb00000,0x000000765ec00000)]
  0x000001a7341be800 JavaThread "Incoming local TCP Connector on port 64074" [_thread_in_native, id=1840, stack(0x000000765e800000,0x000000765e900000)]
  0x000001a735926000 JavaThread "Daemon periodic checks" [_thread_blocked, id=2988, stack(0x000000765ec00000,0x000000765ed00000)]
  0x000001a7346a2000 JavaThread "Daemon" [_thread_blocked, id=6612, stack(0x000000765ed00000,0x000000765ee00000)]
  0x000001a7369cf000 JavaThread "Handler for socket connection from /127.0.0.1:64074 to /127.0.0.1:64075" [_thread_in_native, id=1928, stack(0x000000765ee00000,0x000000765ef00000)]
  0x000001a734ea3800 JavaThread "Cancel handler" [_thread_blocked, id=9008, stack(0x000000765ef00000,0x000000765f000000)]
  0x000001a73519e800 JavaThread "Daemon worker" [_thread_in_vm, id=1280, stack(0x000000765f000000,0x000000765f100000)]
  0x000001a7367f9800 JavaThread "Asynchronous log dispatcher for DefaultDaemonConnection: socket connection from /127.0.0.1:64074 to /127.0.0.1:64075" [_thread_blocked, id=2292, stack(0x000000765f100000,0x000000765f200000)]
  0x000001a7369bc000 JavaThread "Stdin handler" [_thread_blocked, id=1832, stack(0x000000765f200000,0x000000765f300000)]
  0x000001a7365a0800 JavaThread "Daemon client event forwarder" [_thread_blocked, id=1868, stack(0x000000765f300000,0x000000765f400000)]
  0x000001a7365a2000 JavaThread "Cache worker for file hash cache (C:\Users\Veronika\.gradle\caches\7.0.2\fileHashes)" [_thread_blocked, id=8952, stack(0x000000765f400000,0x000000765f500000)]
  0x000001a7365a5000 JavaThread "File lock request listener" [_thread_in_native, id=8672, stack(0x000000765f500000,0x000000765f600000)]
  0x000001a7365a6000 JavaThread "Cache worker for journal cache (C:\Users\Veronika\.gradle\caches\journal-1)" [_thread_blocked, id=8728, stack(0x000000765f700000,0x000000765f800000)]
  0x000001a7365a7000 JavaThread "Cache worker for file hash cache (A:\4k1s\PMS\LR6\.gradle\7.0.2\fileHashes)" [_thread_blocked, id=3860, stack(0x000000765f800000,0x000000765f900000)]
  0x000001a7365a4800 JavaThread "File watcher server" daemon [_thread_in_native, id=4192, stack(0x000000765f900000,0x000000765fa00000)]
  0x000001a7365a1000 JavaThread "File watcher consumer" daemon [_thread_blocked, id=8692, stack(0x000000765fa00000,0x000000765fb00000)]
  0x000001a7365a2800 JavaThread "Cache worker for checksums cache (A:\4k1s\PMS\LR6\.gradle\checksums)" [_thread_blocked, id=5900, stack(0x000000765fb00000,0x000000765fc00000)]
  0x000001a7365a3800 JavaThread "Cache worker for cache directory md-supplier (C:\Users\Veronika\.gradle\caches\7.0.2\md-supplier)" [_thread_blocked, id=8316, stack(0x000000765fc00000,0x000000765fd00000)]
  0x000001a73784c800 JavaThread "Cache worker for cache directory md-rule (C:\Users\Veronika\.gradle\caches\7.0.2\md-rule)" [_thread_blocked, id=8928, stack(0x000000765fd00000,0x000000765fe00000)]
  0x000001a73784a000 JavaThread "Cache worker for execution history cache (C:\Users\Veronika\.gradle\caches\7.0.2\executionHistory)" [_thread_blocked, id=7360, stack(0x000000765fe00000,0x000000765ff00000)]
  0x000001a73784d800 JavaThread "jar transforms" [_thread_blocked, id=8656, stack(0x000000765ff00000,0x0000007660000000)]
  0x000001a73784f000 JavaThread "jar transforms Thread 2" [_thread_blocked, id=2112, stack(0x0000007660000000,0x0000007660100000)]
  0x000001a73784e000 JavaThread "Cache worker for file content cache (C:\Users\Veronika\.gradle\caches\7.0.2\fileContent)" [_thread_blocked, id=6088, stack(0x0000007660100000,0x0000007660200000)]

Other Threads:
  0x000001a73354c800 VMThread "VM Thread" [stack: 0x000000765dd00000,0x000000765de00000] [id=5260]
  0x000001a73403d000 WatcherThread [stack: 0x000000765e700000,0x000000765e800000] [id=4128]
  0x000001a719988000 GCTaskThread "GC Thread#0" [stack: 0x000000765d800000,0x000000765d900000] [id=3828]
  0x000001a7343ff800 GCTaskThread "GC Thread#1" [stack: 0x000000765e900000,0x000000765ea00000] [id=8924]
  0x000001a73487e800 GCTaskThread "GC Thread#2" [stack: 0x000000765ea00000,0x000000765eb00000] [id=1416]
  0x000001a73698d800 GCTaskThread "GC Thread#3" [stack: 0x000000765f600000,0x000000765f700000] [id=2200]
  0x000001a7199b9800 ConcurrentGCThread "G1 Main Marker" [stack: 0x000000765d900000,0x000000765da00000] [id=6020]
  0x000001a7199bb000 ConcurrentGCThread "G1 Conc#0" [stack: 0x000000765da00000,0x000000765db00000] [id=3392]
  0x000001a7333a0800 ConcurrentGCThread "G1 Refine#0" [stack: 0x000000765db00000,0x000000765dc00000] [id=4156]
  0x000001a7333a1800 ConcurrentGCThread "G1 Young RemSet Sampling" [stack: 0x000000765dc00000,0x000000765dd00000] [id=3272]

Threads with active compile tasks:
C2 CompilerThread0  10571 3499       4       org.codehaus.groovy.runtime.metaclass.MetaMethodIndex::addMethodToList (131 bytes)

VM state:not at safepoint (normal execution)

VM Mutex/Monitor currently owned by a thread: None

Heap address: 0x0000000080000000, size: 2048 MB, Compressed Oops mode: 32-bit
Narrow klass base: 0x0000000000000000, Narrow klass shift: 3
Compressed class space size: 1073741824 Address: 0x0000000100000000

Heap:
 garbage-first heap   total 157696K, used 52848K [0x0000000080000000, 0x0000000100000000)
  region size 1024K, 34 young (34816K), 8 survivors (8192K)
 Metaspace       used 38791K, capacity 39640K, committed 39884K, reserved 1087488K
  class space    used 4939K, capacity 5251K, committed 5324K, reserved 1048576K
Heap Regions: E=young(eden), S=young(survivor), O=old, HS=humongous(starts), HC=humongous(continues), CS=collection set, F=free, A=archive, TAMS=top-at-mark-start (previous, next)
|   0|0x0000000080000000, 0x0000000080100000, 0x0000000080100000|100%| O|  |TAMS 0x0000000080100000, 0x0000000080000000| Untracked 
|   1|0x0000000080100000, 0x0000000080200000, 0x0000000080200000|100%| O|  |TAMS 0x0000000080200000, 0x0000000080100000| Untracked 
|   2|0x0000000080200000, 0x0000000080300000, 0x0000000080300000|100%| O|  |TAMS 0x0000000080300000, 0x0000000080200000| Untracked 
|   3|0x0000000080300000, 0x0000000080400000, 0x0000000080400000|100%|HS|  |TAMS 0x0000000080400000, 0x0000000080300000| Complete 
|   4|0x0000000080400000, 0x0000000080500000, 0x0000000080500000|100%|HC|  |TAMS 0x0000000080500000, 0x0000000080400000| Complete 
|   5|0x0000000080500000, 0x0000000080600000, 0x0000000080600000|100%|HC|  |TAMS 0x0000000080600000, 0x0000000080500000| Complete 
|   6|0x0000000080600000, 0x0000000080700000, 0x0000000080700000|100%| O|  |TAMS 0x0000000080700000, 0x0000000080600000| Untracked 
|   7|0x0000000080700000, 0x0000000080800000, 0x0000000080800000|100%| O|  |TAMS 0x0000000080800000, 0x0000000080700000| Untracked 
|   8|0x0000000080800000, 0x0000000080900000, 0x0000000080900000|100%| O|  |TAMS 0x0000000080900000, 0x0000000080800000| Untracked 
|   9|0x0000000080900000, 0x0000000080a00000, 0x0000000080a00000|100%| O|  |TAMS 0x0000000080a00000, 0x0000000080900000| Untracked 
|  10|0x0000000080a00000, 0x0000000080b00000, 0x0000000080b00000|100%| O|  |TAMS 0x0000000080b00000, 0x0000000080a00000| Untracked 
|  11|0x0000000080b00000, 0x0000000080c00000, 0x0000000080c00000|100%| O|  |TAMS 0x0000000080c00000, 0x0000000080b00000| Untracked 
|  12|0x0000000080c00000, 0x0000000080d00000, 0x0000000080d00000|100%| O|  |TAMS 0x0000000080d00000, 0x0000000080c00000| Untracked 
|  13|0x0000000080d00000, 0x0000000080e00000, 0x0000000080e00000|100%| O|  |TAMS 0x0000000080e00000, 0x0000000080d00000| Untracked 
|  14|0x0000000080e00000, 0x0000000080f00000, 0x0000000080f00000|100%| O|  |TAMS 0x0000000080f00000, 0x0000000080e00000| Untracked 
|  15|0x0000000080f00000, 0x0000000080fcd200, 0x0000000081000000| 80%| O|  |TAMS 0x0000000080fcd200, 0x0000000080f00000| Untracked 
|  16|0x0000000081000000, 0x0000000081100000, 0x0000000081100000|100%|HS|  |TAMS 0x0000000081000000, 0x0000000081000000| Complete 
|  17|0x0000000081100000, 0x0000000081200000, 0x0000000081200000|100%|HS|  |TAMS 0x0000000081100000, 0x0000000081100000| Complete 
|  18|0x0000000081200000, 0x0000000081300000, 0x0000000081300000|100%|HC|  |TAMS 0x0000000081200000, 0x0000000081200000| Complete 
|  19|0x0000000081300000, 0x0000000081300000, 0x0000000081400000|  0%| F|  |TAMS 0x0000000081300000, 0x0000000081300000| Untracked 
|  20|0x0000000081400000, 0x0000000081400000, 0x0000000081500000|  0%| F|  |TAMS 0x0000000081400000, 0x0000000081400000| Untracked 
|  21|0x0000000081500000, 0x0000000081500000, 0x0000000081600000|  0%| F|  |TAMS 0x0000000081500000, 0x0000000081500000| Untracked 
|  22|0x0000000081600000, 0x0000000081600000, 0x0000000081700000|  0%| F|  |TAMS 0x0000000081600000, 0x0000000081600000| Untracked 
|  23|0x0000000081700000, 0x0000000081700000, 0x0000000081800000|  0%| F|  |TAMS 0x0000000081700000, 0x0000000081700000| Untracked 
|  24|0x0000000081800000, 0x0000000081800000, 0x0000000081900000|  0%| F|  |TAMS 0x0000000081800000, 0x0000000081800000| Untracked 
|  25|0x0000000081900000, 0x0000000081900000, 0x0000000081a00000|  0%| F|  |TAMS 0x0000000081900000, 0x0000000081900000| Untracked 
|  26|0x0000000081a00000, 0x0000000081a00000, 0x0000000081b00000|  0%| F|  |TAMS 0x0000000081a00000, 0x0000000081a00000| Untracked 
|  27|0x0000000081b00000, 0x0000000081b00000, 0x0000000081c00000|  0%| F|  |TAMS 0x0000000081b00000, 0x0000000081b00000| Untracked 
|  28|0x0000000081c00000, 0x0000000081c00000, 0x0000000081d00000|  0%| F|  |TAMS 0x0000000081c00000, 0x0000000081c00000| Untracked 
|  29|0x0000000081d00000, 0x0000000081d00000, 0x0000000081e00000|  0%| F|  |TAMS 0x0000000081d00000, 0x0000000081d00000| Untracked 
|  30|0x0000000081e00000, 0x0000000081e00000, 0x0000000081f00000|  0%| F|  |TAMS 0x0000000081e00000, 0x0000000081e00000| Untracked 
|  31|0x0000000081f00000, 0x0000000081f00000, 0x0000000082000000|  0%| F|  |TAMS 0x0000000081f00000, 0x0000000081f00000| Untracked 
|  32|0x0000000082000000, 0x0000000082000000, 0x0000000082100000|  0%| F|  |TAMS 0x0000000082000000, 0x0000000082000000| Untracked 
|  33|0x0000000082100000, 0x0000000082100000, 0x0000000082200000|  0%| F|  |TAMS 0x0000000082100000, 0x0000000082100000| Untracked 
|  34|0x0000000082200000, 0x0000000082200000, 0x0000000082300000|  0%| F|  |TAMS 0x0000000082200000, 0x0000000082200000| Untracked 
|  35|0x0000000082300000, 0x0000000082300000, 0x0000000082400000|  0%| F|  |TAMS 0x0000000082300000, 0x0000000082300000| Untracked 
|  36|0x0000000082400000, 0x0000000082400000, 0x0000000082500000|  0%| F|  |TAMS 0x0000000082400000, 0x0000000082400000| Untracked 
|  37|0x0000000082500000, 0x0000000082500000, 0x0000000082600000|  0%| F|  |TAMS 0x0000000082500000, 0x0000000082500000| Untracked 
|  38|0x0000000082600000, 0x0000000082600000, 0x0000000082700000|  0%| F|  |TAMS 0x0000000082600000, 0x0000000082600000| Untracked 
|  39|0x0000000082700000, 0x0000000082700000, 0x0000000082800000|  0%| F|  |TAMS 0x0000000082700000, 0x0000000082700000| Untracked 
|  40|0x0000000082800000, 0x0000000082800000, 0x0000000082900000|  0%| F|  |TAMS 0x0000000082800000, 0x0000000082800000| Untracked 
|  41|0x0000000082900000, 0x0000000082900000, 0x0000000082a00000|  0%| F|  |TAMS 0x0000000082900000, 0x0000000082900000| Untracked 
|  42|0x0000000082a00000, 0x0000000082a00000, 0x0000000082b00000|  0%| F|  |TAMS 0x0000000082a00000, 0x0000000082a00000| Untracked 
|  43|0x0000000082b00000, 0x0000000082b00000, 0x0000000082c00000|  0%| F|  |TAMS 0x0000000082b00000, 0x0000000082b00000| Untracked 
|  44|0x0000000082c00000, 0x0000000082c00000, 0x0000000082d00000|  0%| F|  |TAMS 0x0000000082c00000, 0x0000000082c00000| Untracked 
|  45|0x0000000082d00000, 0x0000000082d00000, 0x0000000082e00000|  0%| F|  |TAMS 0x0000000082d00000, 0x0000000082d00000| Untracked 
|  46|0x0000000082e00000, 0x0000000082e00000, 0x0000000082f00000|  0%| F|  |TAMS 0x0000000082e00000, 0x0000000082e00000| Untracked 
|  47|0x0000000082f00000, 0x0000000082f00000, 0x0000000083000000|  0%| F|  |TAMS 0x0000000082f00000, 0x0000000082f00000| Untracked 
|  48|0x0000000083000000, 0x0000000083000000, 0x0000000083100000|  0%| F|  |TAMS 0x0000000083000000, 0x0000000083000000| Untracked 
|  49|0x0000000083100000, 0x0000000083100000, 0x0000000083200000|  0%| F|  |TAMS 0x0000000083100000, 0x0000000083100000| Untracked 
|  50|0x0000000083200000, 0x0000000083200000, 0x0000000083300000|  0%| F|  |TAMS 0x0000000083200000, 0x0000000083200000| Untracked 
|  51|0x0000000083300000, 0x0000000083300000, 0x0000000083400000|  0%| F|  |TAMS 0x0000000083300000, 0x0000000083300000| Untracked 
|  52|0x0000000083400000, 0x0000000083400000, 0x0000000083500000|  0%| F|  |TAMS 0x0000000083400000, 0x0000000083400000| Untracked 
|  53|0x0000000083500000, 0x0000000083500000, 0x0000000083600000|  0%| F|  |TAMS 0x0000000083500000, 0x0000000083500000| Untracked 
|  54|0x0000000083600000, 0x0000000083600000, 0x0000000083700000|  0%| F|  |TAMS 0x0000000083600000, 0x0000000083600000| Untracked 
|  55|0x0000000083700000, 0x0000000083700000, 0x0000000083800000|  0%| F|  |TAMS 0x0000000083700000, 0x0000000083700000| Untracked 
|  56|0x0000000083800000, 0x0000000083800000, 0x0000000083900000|  0%| F|  |TAMS 0x0000000083800000, 0x0000000083800000| Untracked 
|  57|0x0000000083900000, 0x0000000083900000, 0x0000000083a00000|  0%| F|  |TAMS 0x0000000083900000, 0x0000000083900000| Untracked 
|  58|0x0000000083a00000, 0x0000000083a00000, 0x0000000083b00000|  0%| F|  |TAMS 0x0000000083a00000, 0x0000000083a00000| Untracked 
|  59|0x0000000083b00000, 0x0000000083b00000, 0x0000000083c00000|  0%| F|  |TAMS 0x0000000083b00000, 0x0000000083b00000| Untracked 
|  60|0x0000000083c00000, 0x0000000083c00000, 0x0000000083d00000|  0%| F|  |TAMS 0x0000000083c00000, 0x0000000083c00000| Untracked 
|  61|0x0000000083d00000, 0x0000000083d00000, 0x0000000083e00000|  0%| F|  |TAMS 0x0000000083d00000, 0x0000000083d00000| Untracked 
|  62|0x0000000083e00000, 0x0000000083e00000, 0x0000000083f00000|  0%| F|  |TAMS 0x0000000083e00000, 0x0000000083e00000| Untracked 
|  63|0x0000000083f00000, 0x0000000083f00000, 0x0000000084000000|  0%| F|  |TAMS 0x0000000083f00000, 0x0000000083f00000| Untracked 
|  64|0x0000000084000000, 0x0000000084000000, 0x0000000084100000|  0%| F|  |TAMS 0x0000000084000000, 0x0000000084000000| Untracked 
|  65|0x0000000084100000, 0x0000000084100000, 0x0000000084200000|  0%| F|  |TAMS 0x0000000084100000, 0x0000000084100000| Untracked 
|  66|0x0000000084200000, 0x0000000084200000, 0x0000000084300000|  0%| F|  |TAMS 0x0000000084200000, 0x0000000084200000| Untracked 
|  67|0x0000000084300000, 0x0000000084300000, 0x0000000084400000|  0%| F|  |TAMS 0x0000000084300000, 0x0000000084300000| Untracked 
|  68|0x0000000084400000, 0x0000000084400000, 0x0000000084500000|  0%| F|  |TAMS 0x0000000084400000, 0x0000000084400000| Untracked 
|  69|0x0000000084500000, 0x0000000084500000, 0x0000000084600000|  0%| F|  |TAMS 0x0000000084500000, 0x0000000084500000| Untracked 
|  70|0x0000000084600000, 0x0000000084600000, 0x0000000084700000|  0%| F|  |TAMS 0x0000000084600000, 0x0000000084600000| Untracked 
|  71|0x0000000084700000, 0x0000000084700000, 0x0000000084800000|  0%| F|  |TAMS 0x0000000084700000, 0x0000000084700000| Untracked 
|  72|0x0000000084800000, 0x0000000084800000, 0x0000000084900000|  0%| F|  |TAMS 0x0000000084800000, 0x0000000084800000| Untracked 
|  73|0x0000000084900000, 0x0000000084900000, 0x0000000084a00000|  0%| F|  |TAMS 0x0000000084900000, 0x0000000084900000| Untracked 
|  74|0x0000000084a00000, 0x0000000084a00000, 0x0000000084b00000|  0%| F|  |TAMS 0x0000000084a00000, 0x0000000084a00000| Untracked 
|  75|0x0000000084b00000, 0x0000000084b00000, 0x0000000084c00000|  0%| F|  |TAMS 0x0000000084b00000, 0x0000000084b00000| Untracked 
|  76|0x0000000084c00000, 0x0000000084c00000, 0x0000000084d00000|  0%| F|  |TAMS 0x0000000084c00000, 0x0000000084c00000| Untracked 
|  77|0x0000000084d00000, 0x0000000084d00000, 0x0000000084e00000|  0%| F|  |TAMS 0x0000000084d00000, 0x0000000084d00000| Untracked 
|  78|0x0000000084e00000, 0x0000000084e00000, 0x0000000084f00000|  0%| F|  |TAMS 0x0000000084e00000, 0x0000000084e00000| Untracked 
|  79|0x0000000084f00000, 0x0000000084f00000, 0x0000000085000000|  0%| F|  |TAMS 0x0000000084f00000, 0x0000000084f00000| Untracked 
|  80|0x0000000085000000, 0x0000000085000000, 0x0000000085100000|  0%| F|  |TAMS 0x0000000085000000, 0x0000000085000000| Untracked 
|  81|0x0000000085100000, 0x0000000085100000, 0x0000000085200000|  0%| F|  |TAMS 0x0000000085100000, 0x0000000085100000| Untracked 
|  82|0x0000000085200000, 0x0000000085200000, 0x0000000085300000|  0%| F|  |TAMS 0x0000000085200000, 0x0000000085200000| Untracked 
|  83|0x0000000085300000, 0x0000000085300000, 0x0000000085400000|  0%| F|  |TAMS 0x0000000085300000, 0x0000000085300000| Untracked 
|  84|0x0000000085400000, 0x0000000085400000, 0x0000000085500000|  0%| F|  |TAMS 0x0000000085400000, 0x0000000085400000| Untracked 
|  85|0x0000000085500000, 0x0000000085500000, 0x0000000085600000|  0%| F|  |TAMS 0x0000000085500000, 0x0000000085500000| Untracked 
|  86|0x0000000085600000, 0x0000000085600000, 0x0000000085700000|  0%| F|  |TAMS 0x0000000085600000, 0x0000000085600000| Untracked 
|  87|0x0000000085700000, 0x0000000085700000, 0x0000000085800000|  0%| F|  |TAMS 0x0000000085700000, 0x0000000085700000| Untracked 
|  88|0x0000000085800000, 0x0000000085800000, 0x0000000085900000|  0%| F|  |TAMS 0x0000000085800000, 0x0000000085800000| Untracked 
|  89|0x0000000085900000, 0x0000000085900000, 0x0000000085a00000|  0%| F|  |TAMS 0x0000000085900000, 0x0000000085900000| Untracked 
|  90|0x0000000085a00000, 0x0000000085a00000, 0x0000000085b00000|  0%| F|  |TAMS 0x0000000085a00000, 0x0000000085a00000| Untracked 
|  91|0x0000000085b00000, 0x0000000085b00000, 0x0000000085c00000|  0%| F|  |TAMS 0x0000000085b00000, 0x0000000085b00000| Untracked 
|  92|0x0000000085c00000, 0x0000000085c00000, 0x0000000085d00000|  0%| F|  |TAMS 0x0000000085c00000, 0x0000000085c00000| Untracked 
|  93|0x0000000085d00000, 0x0000000085d00000, 0x0000000085e00000|  0%| F|  |TAMS 0x0000000085d00000, 0x0000000085d00000| Untracked 
|  94|0x0000000085e00000, 0x0000000085e00000, 0x0000000085f00000|  0%| F|  |TAMS 0x0000000085e00000, 0x0000000085e00000| Untracked 
|  95|0x0000000085f00000, 0x0000000085f00000, 0x0000000086000000|  0%| F|  |TAMS 0x0000000085f00000, 0x0000000085f00000| Untracked 
|  96|0x0000000086000000, 0x0000000086000000, 0x0000000086100000|  0%| F|  |TAMS 0x0000000086000000, 0x0000000086000000| Untracked 
|  97|0x0000000086100000, 0x0000000086100000, 0x0000000086200000|  0%| F|  |TAMS 0x0000000086100000, 0x0000000086100000| Untracked 
|  98|0x0000000086200000, 0x0000000086200000, 0x0000000086300000|  0%| F|  |TAMS 0x0000000086200000, 0x0000000086200000| Untracked 
|  99|0x0000000086300000, 0x0000000086300000, 0x0000000086400000|  0%| F|  |TAMS 0x0000000086300000, 0x0000000086300000| Untracked 
| 100|0x0000000086400000, 0x0000000086400000, 0x0000000086500000|  0%| F|  |TAMS 0x0000000086400000, 0x0000000086400000| Untracked 
| 101|0x0000000086500000, 0x0000000086500000, 0x0000000086600000|  0%| F|  |TAMS 0x0000000086500000, 0x0000000086500000| Untracked 
| 102|0x0000000086600000, 0x0000000086600000, 0x0000000086700000|  0%| F|  |TAMS 0x0000000086600000, 0x0000000086600000| Untracked 
| 103|0x0000000086700000, 0x0000000086700000, 0x0000000086800000|  0%| F|  |TAMS 0x0000000086700000, 0x0000000086700000| Untracked 
| 104|0x0000000086800000, 0x0000000086800000, 0x0000000086900000|  0%| F|  |TAMS 0x0000000086800000, 0x0000000086800000| Untracked 
| 105|0x0000000086900000, 0x0000000086900000, 0x0000000086a00000|  0%| F|  |TAMS 0x0000000086900000, 0x0000000086900000| Untracked 
| 106|0x0000000086a00000, 0x0000000086a00000, 0x0000000086b00000|  0%| F|  |TAMS 0x0000000086a00000, 0x0000000086a00000| Untracked 
| 107|0x0000000086b00000, 0x0000000086b00000, 0x0000000086c00000|  0%| F|  |TAMS 0x0000000086b00000, 0x0000000086b00000| Untracked 
| 108|0x0000000086c00000, 0x0000000086c00000, 0x0000000086d00000|  0%| F|  |TAMS 0x0000000086c00000, 0x0000000086c00000| Untracked 
| 109|0x0000000086d00000, 0x0000000086d00000, 0x0000000086e00000|  0%| F|  |TAMS 0x0000000086d00000, 0x0000000086d00000| Untracked 
| 110|0x0000000086e00000, 0x0000000086e00000, 0x0000000086f00000|  0%| F|  |TAMS 0x0000000086e00000, 0x0000000086e00000| Untracked 
| 111|0x0000000086f00000, 0x0000000086f00000, 0x0000000087000000|  0%| F|  |TAMS 0x0000000086f00000, 0x0000000086f00000| Untracked 
| 112|0x0000000087000000, 0x0000000087000000, 0x0000000087100000|  0%| F|  |TAMS 0x0000000087000000, 0x0000000087000000| Untracked 
| 113|0x0000000087100000, 0x0000000087100000, 0x0000000087200000|  0%| F|  |TAMS 0x0000000087100000, 0x0000000087100000| Untracked 
| 114|0x0000000087200000, 0x0000000087200000, 0x0000000087300000|  0%| F|  |TAMS 0x0000000087200000, 0x0000000087200000| Untracked 
| 115|0x0000000087300000, 0x0000000087300000, 0x0000000087400000|  0%| F|  |TAMS 0x0000000087300000, 0x0000000087300000| Untracked 
| 116|0x0000000087400000, 0x0000000087400000, 0x0000000087500000|  0%| F|  |TAMS 0x0000000087400000, 0x0000000087400000| Untracked 
| 117|0x0000000087500000, 0x00000000875cf198, 0x0000000087600000| 80%| S|CS|TAMS 0x0000000087500000, 0x0000000087500000| Complete 
| 118|0x0000000087600000, 0x0000000087700000, 0x0000000087700000|100%| S|CS|TAMS 0x0000000087600000, 0x0000000087600000| Complete 
| 119|0x0000000087700000, 0x0000000087800000, 0x0000000087800000|100%| S|CS|TAMS 0x0000000087700000, 0x0000000087700000| Complete 
| 120|0x0000000087800000, 0x0000000087900000, 0x0000000087900000|100%| S|CS|TAMS 0x0000000087800000, 0x0000000087800000| Complete 
| 121|0x0000000087900000, 0x0000000087a00000, 0x0000000087a00000|100%| S|CS|TAMS 0x0000000087900000, 0x0000000087900000| Complete 
| 122|0x0000000087a00000, 0x0000000087b00000, 0x0000000087b00000|100%| S|CS|TAMS 0x0000000087a00000, 0x0000000087a00000| Complete 
| 123|0x0000000087b00000, 0x0000000087c00000, 0x0000000087c00000|100%| S|CS|TAMS 0x0000000087b00000, 0x0000000087b00000| Complete 
| 124|0x0000000087c00000, 0x0000000087d00000, 0x0000000087d00000|100%| S|CS|TAMS 0x0000000087c00000, 0x0000000087c00000| Complete 
| 125|0x0000000087d00000, 0x0000000087d00000, 0x0000000087e00000|  0%| F|  |TAMS 0x0000000087d00000, 0x0000000087d00000| Untracked 
| 126|0x0000000087e00000, 0x0000000087e00000, 0x0000000087f00000|  0%| F|  |TAMS 0x0000000087e00000, 0x0000000087e00000| Untracked 
| 127|0x0000000087f00000, 0x0000000087f00000, 0x0000000088000000|  0%| F|  |TAMS 0x0000000087f00000, 0x0000000087f00000| Untracked 
| 128|0x0000000088000000, 0x0000000088080800, 0x0000000088100000| 50%| E|  |TAMS 0x0000000088000000, 0x0000000088000000| Complete 
| 129|0x0000000088100000, 0x0000000088200000, 0x0000000088200000|100%| E|CS|TAMS 0x0000000088100000, 0x0000000088100000| Complete 
| 130|0x0000000088200000, 0x0000000088300000, 0x0000000088300000|100%| E|CS|TAMS 0x0000000088200000, 0x0000000088200000| Complete 
| 131|0x0000000088300000, 0x0000000088400000, 0x0000000088400000|100%| E|CS|TAMS 0x0000000088300000, 0x0000000088300000| Complete 
| 132|0x0000000088400000, 0x0000000088500000, 0x0000000088500000|100%| E|CS|TAMS 0x0000000088400000, 0x0000000088400000| Complete 
| 133|0x0000000088500000, 0x0000000088600000, 0x0000000088600000|100%| E|CS|TAMS 0x0000000088500000, 0x0000000088500000| Complete 
| 134|0x0000000088600000, 0x0000000088700000, 0x0000000088700000|100%| E|CS|TAMS 0x0000000088600000, 0x0000000088600000| Complete 
| 135|0x0000000088700000, 0x0000000088800000, 0x0000000088800000|100%| E|CS|TAMS 0x0000000088700000, 0x0000000088700000| Complete 
| 136|0x0000000088800000, 0x0000000088900000, 0x0000000088900000|100%| E|CS|TAMS 0x0000000088800000, 0x0000000088800000| Complete 
| 137|0x0000000088900000, 0x0000000088a00000, 0x0000000088a00000|100%| E|CS|TAMS 0x0000000088900000, 0x0000000088900000| Complete 
| 138|0x0000000088a00000, 0x0000000088b00000, 0x0000000088b00000|100%| E|CS|TAMS 0x0000000088a00000, 0x0000000088a00000| Complete 
| 139|0x0000000088b00000, 0x0000000088c00000, 0x0000000088c00000|100%| E|CS|TAMS 0x0000000088b00000, 0x0000000088b00000| Complete 
| 140|0x0000000088c00000, 0x0000000088d00000, 0x0000000088d00000|100%| E|CS|TAMS 0x0000000088c00000, 0x0000000088c00000| Complete 
| 141|0x0000000088d00000, 0x0000000088e00000, 0x0000000088e00000|100%| E|CS|TAMS 0x0000000088d00000, 0x0000000088d00000| Complete 
| 142|0x0000000088e00000, 0x0000000088f00000, 0x0000000088f00000|100%| E|CS|TAMS 0x0000000088e00000, 0x0000000088e00000| Complete 
| 143|0x0000000088f00000, 0x0000000089000000, 0x0000000089000000|100%| E|CS|TAMS 0x0000000088f00000, 0x0000000088f00000| Complete 
| 144|0x0000000089000000, 0x0000000089100000, 0x0000000089100000|100%| E|CS|TAMS 0x0000000089000000, 0x0000000089000000| Complete 
| 145|0x0000000089100000, 0x0000000089200000, 0x0000000089200000|100%| E|CS|TAMS 0x0000000089100000, 0x0000000089100000| Complete 
| 146|0x0000000089200000, 0x0000000089300000, 0x0000000089300000|100%| E|CS|TAMS 0x0000000089200000, 0x0000000089200000| Complete 
| 147|0x0000000089300000, 0x0000000089400000, 0x0000000089400000|100%| E|CS|TAMS 0x0000000089300000, 0x0000000089300000| Complete 
| 148|0x0000000089400000, 0x0000000089500000, 0x0000000089500000|100%| E|CS|TAMS 0x0000000089400000, 0x0000000089400000| Complete 
| 149|0x0000000089500000, 0x0000000089600000, 0x0000000089600000|100%| E|CS|TAMS 0x0000000089500000, 0x0000000089500000| Complete 
| 150|0x0000000089600000, 0x0000000089700000, 0x0000000089700000|100%| E|CS|TAMS 0x0000000089600000, 0x0000000089600000| Complete 
| 151|0x0000000089700000, 0x0000000089800000, 0x0000000089800000|100%| E|CS|TAMS 0x0000000089700000, 0x0000000089700000| Complete 
| 152|0x0000000089800000, 0x0000000089900000, 0x0000000089900000|100%| E|CS|TAMS 0x0000000089800000, 0x0000000089800000| Complete 
| 153|0x0000000089900000, 0x0000000089a00000, 0x0000000089a00000|100%| E|CS|TAMS 0x0000000089900000, 0x0000000089900000| Complete 

Card table byte_map: [0x000001a72c850000,0x000001a72cc50000] _byte_map_base: 0x000001a72c450000

Marking Bits (Prev, Next): (CMBitMap*) 0x000001a7199b0a80, (CMBitMap*) 0x000001a7199b0a48
 Prev Bits: [0x000001a72f050000, 0x000001a731050000)
 Next Bits: [0x000001a72d050000, 0x000001a72f050000)

Polling page: 0x000001a7176e0000

Metaspace:

Usage:
  Non-class:     33.58 MB capacity,    33.08 MB ( 98%) used,   430.59 KB (  1%) free+waste,    89.44 KB ( <1%) overhead. 
      Class:      5.13 MB capacity,     4.82 MB ( 94%) used,   267.48 KB (  5%) free+waste,    42.88 KB ( <1%) overhead. 
       Both:     38.71 MB capacity,    37.90 MB ( 98%) used,   698.07 KB (  2%) free+waste,   132.31 KB ( <1%) overhead. 

Virtual space:
  Non-class space:       38.00 MB reserved,      33.75 MB ( 89%) committed 
      Class space:        1.00 GB reserved,       5.20 MB ( <1%) committed 
             Both:        1.04 GB reserved,      38.95 MB (  4%) committed 

Chunk freelists:
   Non-Class:  43.00 KB
       Class:  1.00 KB
        Both:  44.00 KB

MaxMetaspaceSize: 17179869184.00 GB
CompressedClassSpaceSize: 1.00 GB

CodeHeap 'non-profiled nmethods': size=120064Kb used=1663Kb max_used=1663Kb free=118400Kb
 bounds [0x000001a724f10000, 0x000001a725180000, 0x000001a72c450000]
CodeHeap 'profiled nmethods': size=120000Kb used=7411Kb max_used=7411Kb free=112588Kb
 bounds [0x000001a71d9e0000, 0x000001a71e120000, 0x000001a724f10000]
CodeHeap 'non-nmethods': size=5696Kb used=2197Kb max_used=2220Kb free=3498Kb
 bounds [0x000001a71d450000, 0x000001a71d6c0000, 0x000001a71d9e0000]
 total_blobs=4289 nmethods=3528 adapters=672
 compilation: enabled
              stopped_count=0, restarted_count=0
 full_count=0

Compilation events (20 events):
Event: 10.539 Thread 0x000001a73356e000 nmethod 3513 0x000001a7250af610 code [0x000001a7250af7c0, 0x000001a7250af878]
Event: 10.539 Thread 0x000001a73356e000 3514       3       com.sun.beans.util.Cache::index (7 bytes)
Event: 10.539 Thread 0x000001a73356e000 nmethod 3514 0x000001a71e102d90 code [0x000001a71e102f40, 0x000001a71e103038]
Event: 10.541 Thread 0x000001a73356e000 3515       3       sun.reflect.generics.parser.SignatureParser::parseTypeArguments (109 bytes)
Event: 10.542 Thread 0x000001a73356e000 nmethod 3515 0x000001a71e103110 code [0x000001a71e103420, 0x000001a71e104428]
Event: 10.542 Thread 0x000001a73356e000 3516       3       java.lang.reflect.Executable::isSynthetic (8 bytes)
Event: 10.542 Thread 0x000001a73356e000 nmethod 3516 0x000001a71e104a10 code [0x000001a71e104be0, 0x000001a71e104e48]
Event: 10.542 Thread 0x000001a73356e000 3517       3       java.lang.reflect.Modifier::isSynthetic (14 bytes)
Event: 10.542 Thread 0x000001a73356e000 nmethod 3517 0x000001a71e104f10 code [0x000001a71e1050c0, 0x000001a71e1051f8]
Event: 10.542 Thread 0x000001a73356e000 3518       1       sun.reflect.generics.tree.MethodTypeSignature::getExceptionTypes (5 bytes)
Event: 10.542 Thread 0x000001a73356e000 nmethod 3518 0x000001a7250af910 code [0x000001a7250afac0, 0x000001a7250afb78]
Event: 10.544 Thread 0x000001a73356e000 3519       3       sun.reflect.generics.scope.AbstractScope::lookup (66 bytes)
Event: 10.544 Thread 0x000001a73356e000 nmethod 3519 0x000001a71e105290 code [0x000001a71e1054c0, 0x000001a71e105c68]
Event: 10.544 Thread 0x000001a73356e000 3522       3       sun.reflect.generics.visitor.Reifier::reifyTypeArguments (38 bytes)
Event: 10.545 Thread 0x000001a73356e000 nmethod 3522 0x000001a71e105f10 code [0x000001a71e106100, 0x000001a71e1065e8]
Event: 10.545 Thread 0x000001a73356e000 3520       3       java.lang.Class::getEnclosingMethodInfo (20 bytes)
Event: 10.545 Thread 0x000001a73356e000 nmethod 3520 0x000001a71e106790 code [0x000001a71e106960, 0x000001a71e106b78]
Event: 10.545 Thread 0x000001a73356e000 3521       3       java.lang.Class::getEnclosingClass (69 bytes)
Event: 10.545 Thread 0x000001a73356e000 nmethod 3521 0x000001a71e106c90 code [0x000001a71e106ee0, 0x000001a71e107578]
Event: 10.545 Thread 0x000001a73356e000 3523       1       sun.reflect.generics.reflectiveObjects.LazyReflectiveObjectGenerator::getFactory (5 bytes)

GC Heap History (14 events):
Event: 0.738 GC heap before
{Heap before GC invocations=0 (full 0):
 garbage-first heap   total 131072K, used 19456K [0x0000000080000000, 0x0000000100000000)
  region size 1024K, 14 young (14336K), 0 survivors (0K)
 Metaspace       used 6752K, capacity 6937K, committed 7168K, reserved 1056768K
  class space    used 584K, capacity 650K, committed 768K, reserved 1048576K
}
Event: 0.742 GC heap after
{Heap after GC invocations=1 (full 0):
 garbage-first heap   total 131072K, used 8177K [0x0000000080000000, 0x0000000100000000)
  region size 1024K, 2 young (2048K), 2 survivors (2048K)
 Metaspace       used 6752K, capacity 6937K, committed 7168K, reserved 1056768K
  class space    used 584K, capacity 650K, committed 768K, reserved 1048576K
}
Event: 1.335 GC heap before
{Heap before GC invocations=1 (full 0):
 garbage-first heap   total 131072K, used 20465K [0x0000000080000000, 0x0000000100000000)
  region size 1024K, 14 young (14336K), 2 survivors (2048K)
 Metaspace       used 10251K, capacity 10501K, committed 10624K, reserved 1058816K
  class space    used 1064K, capacity 1139K, committed 1152K, reserved 1048576K
}
Event: 1.338 GC heap after
{Heap after GC invocations=2 (full 0):
 garbage-first heap   total 131072K, used 9196K [0x0000000080000000, 0x0000000100000000)
  region size 1024K, 2 young (2048K), 2 survivors (2048K)
 Metaspace       used 10251K, capacity 10501K, committed 10624K, reserved 1058816K
  class space    used 1064K, capacity 1139K, committed 1152K, reserved 1048576K
}
Event: 2.179 GC heap before
{Heap before GC invocations=2 (full 0):
 garbage-first heap   total 131072K, used 46060K [0x0000000080000000, 0x0000000100000000)
  region size 1024K, 37 young (37888K), 2 survivors (2048K)
 Metaspace       used 11223K, capacity 11518K, committed 11776K, reserved 1060864K
  class space    used 1168K, capacity 1243K, committed 1280K, reserved 1048576K
}
Event: 2.188 GC heap after
{Heap after GC invocations=3 (full 0):
 garbage-first heap   total 131072K, used 13397K [0x0000000080000000, 0x0000000100000000)
  region size 1024K, 5 young (5120K), 5 survivors (5120K)
 Metaspace       used 11223K, capacity 11518K, committed 11776K, reserved 1060864K
  class space    used 1168K, capacity 1243K, committed 1280K, reserved 1048576K
}
Event: 5.298 GC heap before
{Heap before GC invocations=3 (full 0):
 garbage-first heap   total 131072K, used 70741K [0x0000000080000000, 0x0000000100000000)
  region size 1024K, 62 young (63488K), 5 survivors (5120K)
 Metaspace       used 20560K, capacity 21104K, committed 21248K, reserved 1067008K
  class space    used 2504K, capacity 2690K, committed 2816K, reserved 1048576K
}
Event: 5.309 GC heap after
{Heap after GC invocations=4 (full 0):
 garbage-first heap   total 131072K, used 16906K [0x0000000080000000, 0x0000000100000000)
  region size 1024K, 8 young (8192K), 8 survivors (8192K)
 Metaspace       used 20560K, capacity 21104K, committed 21248K, reserved 1067008K
  class space    used 2504K, capacity 2690K, committed 2816K, reserved 1048576K
}
Event: 7.975 GC heap before
{Heap before GC invocations=5 (full 0):
 garbage-first heap   total 131072K, used 81418K [0x0000000080000000, 0x0000000100000000)
  region size 1024K, 71 young (72704K), 8 survivors (8192K)
 Metaspace       used 26672K, capacity 27342K, committed 27648K, reserved 1073152K
  class space    used 3506K, capacity 3756K, committed 3840K, reserved 1048576K
}
Event: 7.991 GC heap after
{Heap after GC invocations=6 (full 0):
 garbage-first heap   total 131072K, used 18499K [0x0000000080000000, 0x0000000100000000)
  region size 1024K, 5 young (5120K), 5 survivors (5120K)
 Metaspace       used 26672K, capacity 27342K, committed 27648K, reserved 1073152K
  class space    used 3506K, capacity 3756K, committed 3840K, reserved 1048576K
}
Event: 9.710 GC heap before
{Heap before GC invocations=6 (full 0):
 garbage-first heap   total 131072K, used 64579K [0x0000000080000000, 0x0000000100000000)
  region size 1024K, 52 young (53248K), 5 survivors (5120K)
 Metaspace       used 35078K, capacity 35838K, committed 35840K, reserved 1081344K
  class space    used 4540K, capacity 4864K, committed 4864K, reserved 1048576K
}
Event: 9.721 GC heap after
{Heap after GC invocations=7 (full 0):
 garbage-first heap   total 157696K, used 21802K [0x0000000080000000, 0x0000000100000000)
  region size 1024K, 9 young (9216K), 9 survivors (9216K)
 Metaspace       used 35078K, capacity 35838K, committed 35840K, reserved 1081344K
  class space    used 4540K, capacity 4864K, committed 4864K, reserved 1048576K
}
Event: 10.175 GC heap before
{Heap before GC invocations=8 (full 0):
 garbage-first heap   total 157696K, used 50474K [0x0000000080000000, 0x0000000100000000)
  region size 1024K, 38 young (38912K), 9 survivors (9216K)
 Metaspace       used 36949K, capacity 37804K, committed 37964K, reserved 1087488K
  class space    used 4778K, capacity 5089K, committed 5196K, reserved 1048576K
}
Event: 10.191 GC heap after
{Heap after GC invocations=9 (full 0):
 garbage-first heap   total 157696K, used 24176K [0x0000000080000000, 0x0000000100000000)
  region size 1024K, 8 young (8192K), 8 survivors (8192K)
 Metaspace       used 36949K, capacity 37804K, committed 37964K, reserved 1087488K
  class space    used 4778K, capacity 5089K, committed 5196K, reserved 1048576K
}

Deoptimization events (20 events):
Event: 10.261 Thread 0x000001a73519e800 Uncommon trap: trap_request=0xffffffde fr.pc=0x000001a725080ee0 relative=0x0000000000000440
Event: 10.261 Thread 0x000001a73519e800 Uncommon trap: reason=class_check action=maybe_recompile pc=0x000001a725080ee0 method=java.util.regex.Pattern$Start.match(Ljava/util/regex/Matcher;ILjava/lang/CharSequence;)Z @ 44 c2
Event: 10.261 Thread 0x000001a73519e800 DEOPT PACKING pc=0x000001a725080ee0 sp=0x000000765f0f7ae0
Event: 10.261 Thread 0x000001a73519e800 DEOPT UNPACKING pc=0x000001a71d4778af sp=0x000000765f0f7a10 mode 2
Event: 10.301 Thread 0x000001a73519e800 Uncommon trap: trap_request=0xffffffde fr.pc=0x000001a725080ee0 relative=0x0000000000000440
Event: 10.301 Thread 0x000001a73519e800 Uncommon trap: reason=class_check action=maybe_recompile pc=0x000001a725080ee0 method=java.util.regex.Pattern$Start.match(Ljava/util/regex/Matcher;ILjava/lang/CharSequence;)Z @ 44 c2
Event: 10.301 Thread 0x000001a73519e800 DEOPT PACKING pc=0x000001a725080ee0 sp=0x000000765f0f8220
Event: 10.301 Thread 0x000001a73519e800 DEOPT UNPACKING pc=0x000001a71d4778af sp=0x000000765f0f8150 mode 2
Event: 10.302 Thread 0x000001a73519e800 Uncommon trap: trap_request=0xffffffde fr.pc=0x000001a725080ee0 relative=0x0000000000000440
Event: 10.302 Thread 0x000001a73519e800 Uncommon trap: reason=class_check action=maybe_recompile pc=0x000001a725080ee0 method=java.util.regex.Pattern$Start.match(Ljava/util/regex/Matcher;ILjava/lang/CharSequence;)Z @ 44 c2
Event: 10.302 Thread 0x000001a73519e800 DEOPT PACKING pc=0x000001a725080ee0 sp=0x000000765f0f8220
Event: 10.302 Thread 0x000001a73519e800 DEOPT UNPACKING pc=0x000001a71d4778af sp=0x000000765f0f8150 mode 2
Event: 10.302 Thread 0x000001a73519e800 Uncommon trap: trap_request=0xffffffde fr.pc=0x000001a72508203c relative=0x00000000000002dc
Event: 10.302 Thread 0x000001a73519e800 Uncommon trap: reason=class_check action=maybe_recompile pc=0x000001a72508203c method=java.util.regex.Pattern$Start.match(Ljava/util/regex/Matcher;ILjava/lang/CharSequence;)Z @ 44 c2
Event: 10.302 Thread 0x000001a73519e800 DEOPT PACKING pc=0x000001a72508203c sp=0x000000765f0f8180
Event: 10.303 Thread 0x000001a73519e800 DEOPT UNPACKING pc=0x000001a71d4778af sp=0x000000765f0f8140 mode 2
Event: 10.537 Thread 0x000001a73519e800 Uncommon trap: trap_request=0xffffff4d fr.pc=0x000001a725067fc4 relative=0x0000000000000964
Event: 10.537 Thread 0x000001a73519e800 Uncommon trap: reason=unstable_if action=reinterpret pc=0x000001a725067fc4 method=java.util.WeakHashMap.eq(Ljava/lang/Object;Ljava/lang/Object;)Z @ 2 c2
Event: 10.537 Thread 0x000001a73519e800 DEOPT PACKING pc=0x000001a725067fc4 sp=0x000000765f0f3d50
Event: 10.537 Thread 0x000001a73519e800 DEOPT UNPACKING pc=0x000001a71d4778af sp=0x000000765f0f3cc0 mode 2

Classes redefined (0 events):
No events

Internal exceptions (20 events):
Event: 10.438 Thread 0x000001a73519e800 Exception <a 'java/lang/ClassNotFoundException'{0x0000000088cb0280}: org/gradle/api/initialization/resolve/RepositoriesModeBeanInfo> (0x0000000088cb0280) thrown at [./src/hotspot/share/classfile/systemDictionary.cpp, line 231]
Event: 10.438 Thread 0x000001a73519e800 Exception <a 'java/lang/ClassNotFoundException'{0x0000000088cb51b0}: java/lang/EnumBeanInfo> (0x0000000088cb51b0) thrown at [./src/hotspot/share/classfile/systemDictionary.cpp, line 231]
Event: 10.438 Thread 0x000001a73519e800 Exception <a 'java/lang/ClassNotFoundException'{0x0000000088cba098}: java/lang/EnumCustomizer> (0x0000000088cba098) thrown at [./src/hotspot/share/classfile/systemDictionary.cpp, line 231]
Event: 10.440 Thread 0x000001a73519e800 Exception <a 'java/lang/ClassNotFoundException'{0x0000000088ce8820}: org/gradle/api/initialization/resolve/RepositoriesModeCustomizer> (0x0000000088ce8820) thrown at [./src/hotspot/share/classfile/systemDictionary.cpp, line 231]
Event: 10.452 Thread 0x000001a73519e800 Exception <a 'java/lang/ClassNotFoundException'{0x0000000088ba8d88}: org/gradle/api/internal/provider/DefaultPropertyBeanInfo> (0x0000000088ba8d88) thrown at [./src/hotspot/share/classfile/systemDictionary.cpp, line 231]
Event: 10.454 Thread 0x000001a73519e800 Exception <a 'java/lang/ClassNotFoundException'{0x0000000088bcef10}: org/gradle/api/internal/provider/AbstractPropertyBeanInfo> (0x0000000088bcef10) thrown at [./src/hotspot/share/classfile/systemDictionary.cpp, line 231]
Event: 10.454 Thread 0x000001a73519e800 Exception <a 'java/lang/ClassNotFoundException'{0x0000000088bf6f88}: org/gradle/api/internal/provider/AbstractMinimalProviderBeanInfo> (0x0000000088bf6f88) thrown at [./src/hotspot/share/classfile/systemDictionary.cpp, line 231]
Event: 10.455 Thread 0x000001a73519e800 Exception <a 'java/lang/ClassNotFoundException'{0x0000000088a20278}: org/gradle/api/internal/provider/AbstractMinimalProviderCustomizer> (0x0000000088a20278) thrown at [./src/hotspot/share/classfile/systemDictionary.cpp, line 231]
Event: 10.461 Thread 0x000001a73519e800 Exception <a 'java/lang/ClassNotFoundException'{0x0000000088a7fd58}: org/gradle/api/internal/provider/AbstractPropertyCustomizer> (0x0000000088a7fd58) thrown at [./src/hotspot/share/classfile/systemDictionary.cpp, line 231]
Event: 10.462 Thread 0x000001a73519e800 Exception <a 'java/lang/ClassNotFoundException'{0x0000000088ab2750}: org/gradle/api/internal/provider/DefaultPropertyCustomizer> (0x0000000088ab2750) thrown at [./src/hotspot/share/classfile/systemDictionary.cpp, line 231]
Event: 10.523 Thread 0x000001a73519e800 Exception <a 'java/lang/ClassNotFoundException'{0x0000000088486a68}: org/gradle/api/internal/artifacts/dsl/DefaultRepositoryHandler_DecoratedBeanInfo> (0x0000000088486a68) thrown at [./src/hotspot/share/classfile/systemDictionary.cpp, line 231]
Event: 10.524 Thread 0x000001a73519e800 Exception <a 'java/lang/ClassNotFoundException'{0x00000000884bf6e0}: org/gradle/api/internal/artifacts/dsl/DefaultRepositoryHandlerBeanInfo> (0x00000000884bf6e0) thrown at [./src/hotspot/share/classfile/systemDictionary.cpp, line 231]
Event: 10.525 Thread 0x000001a73519e800 Exception <a 'java/lang/ClassNotFoundException'{0x00000000884fa930}: org/gradle/api/internal/artifacts/DefaultArtifactRepositoryContainerBeanInfo> (0x00000000884fa930) thrown at [./src/hotspot/share/classfile/systemDictionary.cpp, line 231]
Event: 10.530 Thread 0x000001a73519e800 Exception <a 'java/lang/ClassNotFoundException'{0x0000000088324ea0}: org/gradle/api/internal/DefaultNamedDomainObjectListBeanInfo> (0x0000000088324ea0) thrown at [./src/hotspot/share/classfile/systemDictionary.cpp, line 231]
Event: 10.533 Thread 0x000001a73519e800 Exception <a 'java/lang/ClassNotFoundException'{0x0000000088350850}: org/gradle/api/internal/DefaultNamedDomainObjectCollectionBeanInfo> (0x0000000088350850) thrown at [./src/hotspot/share/classfile/systemDictionary.cpp, line 231]
Event: 10.536 Thread 0x000001a73519e800 Exception <a 'java/lang/ClassNotFoundException'{0x000000008837ba00}: org/gradle/api/internal/DefaultDomainObjectCollectionBeanInfo> (0x000000008837ba00) thrown at [./src/hotspot/share/classfile/systemDictionary.cpp, line 231]
Event: 10.536 Thread 0x000001a73519e800 Exception <a 'java/lang/ClassNotFoundException'{0x0000000088381ee0}: java/util/AbstractCollectionBeanInfo> (0x0000000088381ee0) thrown at [./src/hotspot/share/classfile/systemDictionary.cpp, line 231]
Event: 10.537 Thread 0x000001a73519e800 Exception <a 'java/lang/ClassNotFoundException'{0x0000000088388660}: java/util/AbstractCollectionCustomizer> (0x0000000088388660) thrown at [./src/hotspot/share/classfile/systemDictionary.cpp, line 231]
Event: 10.540 Thread 0x000001a73519e800 Exception <a 'java/lang/ClassNotFoundException'{0x00000000883bc2a0}: org/gradle/api/internal/DefaultDomainObjectCollectionCustomizer> (0x00000000883bc2a0) thrown at [./src/hotspot/share/classfile/systemDictionary.cpp, line 231]
Event: 10.543 Thread 0x000001a73519e800 Exception <a 'java/lang/ClassNotFoundException'{0x0000000088205068}: org/gradle/api/internal/DefaultNamedDomainObjectCollectionCustomizer> (0x0000000088205068) thrown at [./src/hotspot/share/classfile/systemDictionary.cpp, line 231]

Events (20 events):
Event: 10.539 loading class org/gradle/api/internal/DefaultDomainObjectCollectionCustomizer
Event: 10.539 loading class org/gradle/api/internal/DefaultDomainObjectCollectionCustomizer done
Event: 10.540 loading class org/gradle/api/internal/DefaultDomainObjectCollectionCustomizer
Event: 10.540 loading class org/gradle/api/internal/DefaultDomainObjectCollectionCustomizer done
Event: 10.540 loading class org/gradle/api/internal/DefaultDomainObjectCollectionCustomizer
Event: 10.540 loading class org/gradle/api/internal/DefaultDomainObjectCollectionCustomizer done
Event: 10.540 loading class org/gradle/api/internal/DefaultDomainObjectCollectionCustomizer
Event: 10.540 loading class org/gradle/api/internal/DefaultDomainObjectCollectionCustomizer done
Event: 10.542 loading class org/gradle/api/internal/DefaultNamedDomainObjectCollectionCustomizer
Event: 10.542 loading class org/gradle/api/internal/DefaultNamedDomainObjectCollectionCustomizer done
Event: 10.542 loading class org/gradle/api/internal/DefaultNamedDomainObjectCollectionCustomizer
Event: 10.542 loading class org/gradle/api/internal/DefaultNamedDomainObjectCollectionCustomizer done
Event: 10.542 loading class org/gradle/api/internal/DefaultNamedDomainObjectCollectionCustomizer
Event: 10.542 loading class org/gradle/api/internal/DefaultNamedDomainObjectCollectionCustomizer done
Event: 10.543 loading class org/gradle/api/internal/DefaultNamedDomainObjectCollectionCustomizer
Event: 10.543 loading class org/gradle/api/internal/DefaultNamedDomainObjectCollectionCustomizer done
Event: 10.544 loading class org/gradle/api/internal/DefaultNamedDomainObjectCollection$ElementInfo
Event: 10.544 loading class org/gradle/api/internal/DefaultNamedDomainObjectCollection$ElementInfo done
Event: 10.545 loading class org/gradle/api/internal/DefaultNamedDomainObjectCollection$AbstractDomainObjectCreatingProvider
Event: 10.545 loading class org/gradle/api/internal/DefaultNamedDomainObjectCollection$AbstractDomainObjectCreatingProvider done


Dynamic libraries:
0x00007ff7f0c80000 - 0x00007ff7f0c8a000 	C:\Program Files\Android\Android Studio\jre\bin\java.exe
0x00007ff817b90000 - 0x00007ff817d7d000 	C:\Windows\SYSTEM32\ntdll.dll
0x00007ff817200000 - 0x00007ff8172b3000 	C:\Windows\System32\KERNEL32.DLL
0x00007ff8145c0000 - 0x00007ff814855000 	C:\Windows\System32\KERNELBASE.dll
0x00007ff814b90000 - 0x00007ff814c8a000 	C:\Windows\System32\ucrtbase.dll
0x00007ffff76d0000 - 0x00007ffff76e7000 	C:\Program Files\Android\Android Studio\jre\bin\VCRUNTIME140.dll
0x00007ffff2c90000 - 0x00007ffff2ca9000 	C:\Program Files\Android\Android Studio\jre\bin\jli.dll
0x00007ff817470000 - 0x00007ff817607000 	C:\Windows\System32\USER32.dll
0x00007ff8032a0000 - 0x00007ff803519000 	C:\Windows\WinSxS\amd64_microsoft.windows.common-controls_6595b64144ccf1df_6.0.17763.1339_none_de7015e4534c7114\COMCTL32.dll
0x00007ff814860000 - 0x00007ff814880000 	C:\Windows\System32\win32u.dll
0x00007ff816c20000 - 0x00007ff816cbe000 	C:\Windows\System32\msvcrt.dll
0x00007ff816e20000 - 0x00007ff816e49000 	C:\Windows\System32\GDI32.dll
0x00007ff814de0000 - 0x00007ff81510c000 	C:\Windows\System32\combase.dll
0x00007ff813c70000 - 0x00007ff813e0b000 	C:\Windows\System32\gdi32full.dll
0x00007ff814d40000 - 0x00007ff814de0000 	C:\Windows\System32\msvcp_win.dll
0x00007ff8170d0000 - 0x00007ff8171f2000 	C:\Windows\System32\RPCRT4.dll
0x00007ff814930000 - 0x00007ff8149ae000 	C:\Windows\System32\bcryptPrimitives.dll
0x00007ff8172c0000 - 0x00007ff8172ee000 	C:\Windows\System32\IMM32.DLL
0x00007fffd27b0000 - 0x00007fffd284d000 	C:\Program Files\Android\Android Studio\jre\bin\msvcp140.dll
0x00007fffc98a0000 - 0x00007fffca36f000 	C:\Program Files\Android\Android Studio\jre\bin\server\jvm.dll
0x00007ff817860000 - 0x00007ff817903000 	C:\Windows\System32\ADVAPI32.dll
0x00007ff817910000 - 0x00007ff8179ae000 	C:\Windows\System32\sechost.dll
0x00007ff8166d0000 - 0x00007ff8166d8000 	C:\Windows\System32\PSAPI.DLL
0x00007ff801f00000 - 0x00007ff801f09000 	C:\Windows\SYSTEM32\WSOCK32.dll
0x00007ff816d50000 - 0x00007ff816dbd000 	C:\Windows\System32\WS2_32.dll
0x00007ff80f790000 - 0x00007ff80f7b4000 	C:\Windows\SYSTEM32\WINMM.dll
0x00007ff80f3b0000 - 0x00007ff80f3ba000 	C:\Windows\SYSTEM32\VERSION.dll
0x00007ff80f760000 - 0x00007ff80f78d000 	C:\Windows\SYSTEM32\WINMMBASE.dll
0x00007ff814570000 - 0x00007ff8145ba000 	C:\Windows\System32\cfgmgr32.dll
0x00007ff813ba0000 - 0x00007ff813bb1000 	C:\Windows\System32\kernel.appcore.dll
0x00007ff80ebc0000 - 0x00007ff80ebd1000 	C:\Program Files\Android\Android Studio\jre\bin\verify.dll
0x00007ff812510000 - 0x00007ff8126fd000 	C:\Windows\SYSTEM32\DBGHELP.DLL
0x00007fffff420000 - 0x00007fffff44a000 	C:\Windows\SYSTEM32\dbgcore.DLL
0x00007ff805850000 - 0x00007ff805879000 	C:\Program Files\Android\Android Studio\jre\bin\java.dll
0x00007ff80ecf0000 - 0x00007ff80ecfb000 	C:\Program Files\Android\Android Studio\jre\bin\jimage.dll
0x00007ff805810000 - 0x00007ff805828000 	C:\Program Files\Android\Android Studio\jre\bin\zip.dll
0x00007ff8151d0000 - 0x00007ff8166c8000 	C:\Windows\System32\SHELL32.dll
0x00007ff817ae0000 - 0x00007ff817b89000 	C:\Windows\System32\shcore.dll
0x00007ff813e10000 - 0x00007ff814564000 	C:\Windows\System32\windows.storage.dll
0x00007ff813bc0000 - 0x00007ff813be4000 	C:\Windows\System32\profapi.dll
0x00007ff813c10000 - 0x00007ff813c6d000 	C:\Windows\System32\powrprof.dll
0x00007ff815110000 - 0x00007ff815162000 	C:\Windows\System32\shlwapi.dll
0x00007ff814d20000 - 0x00007ff814d37000 	C:\Windows\System32\cryptsp.dll
0x00007ff8057f0000 - 0x00007ff80580a000 	C:\Program Files\Android\Android Studio\jre\bin\net.dll
0x00007ff806be0000 - 0x00007ff806cd2000 	C:\Windows\SYSTEM32\WINHTTP.dll
0x00007ff813400000 - 0x00007ff813467000 	C:\Windows\system32\mswsock.dll
0x00007ff805060000 - 0x00007ff805074000 	C:\Program Files\Android\Android Studio\jre\bin\nio.dll
0x00007fffef350000 - 0x00007fffef377000 	C:\Users\Veronika\.gradle\native\8bec1ad78214c89d9ad589b4d07fe93259594b29d510b10fafb7a158f7737e5d\windows-amd64\native-platform.dll
0x00007fffd4660000 - 0x00007fffd479d000 	C:\Users\Veronika\.gradle\native\53dbd7edfb1c66fb8903c78663c9afc45aea4f116125fa6feffd364cf09443e8\windows-amd64\native-platform-file-events.dll
0x00007ff805840000 - 0x00007ff80584a000 	C:\Program Files\Android\Android Studio\jre\bin\management.dll
0x00007ff805050000 - 0x00007ff80505c000 	C:\Program Files\Android\Android Studio\jre\bin\management_ext.dll
0x00007ff812f80000 - 0x00007ff812fb3000 	C:\Windows\system32\rsaenh.dll
0x00007ff814cf0000 - 0x00007ff814d16000 	C:\Windows\System32\bcrypt.dll
0x00007ff813a90000 - 0x00007ff813ab8000 	C:\Windows\SYSTEM32\USERENV.dll
0x00007ff8135d0000 - 0x00007ff8135dc000 	C:\Windows\SYSTEM32\CRYPTBASE.dll
0x00007ff813120000 - 0x00007ff81315d000 	C:\Windows\SYSTEM32\IPHLPAPI.DLL
0x00007ff816d40000 - 0x00007ff816d48000 	C:\Windows\System32\NSI.dll
0x00007ff80f420000 - 0x00007ff80f436000 	C:\Windows\SYSTEM32\dhcpcsvc6.DLL
0x00007ff80f3d0000 - 0x00007ff80f3ec000 	C:\Windows\SYSTEM32\dhcpcsvc.DLL
0x00007ff813160000 - 0x00007ff813227000 	C:\Windows\SYSTEM32\DNSAPI.dll

dbghelp: loaded successfully - version: 4.0.5 - missing functions: none
symbol engine: initialized successfully - sym options: 0x614 - pdb path: .;C:\Program Files\Android\Android Studio\jre\bin;C:\Windows\SYSTEM32;C:\Windows\WinSxS\amd64_microsoft.windows.common-controls_6595b64144ccf1df_6.0.17763.1339_none_de7015e4534c7114;C:\Program Files\Android\Android Studio\jre\bin\server;C:\Users\Veronika\.gradle\native\8bec1ad78214c89d9ad589b4d07fe93259594b29d510b10fafb7a158f7737e5d\windows-amd64;C:\Users\Veronika\.gradle\native\53dbd7edfb1c66fb8903c78663c9afc45aea4f116125fa6feffd364cf09443e8\windows-amd64

VM Arguments:
jvm_args: --add-opens=java.base/java.util=ALL-UNNAMED --add-opens=java.base/java.lang=ALL-UNNAMED --add-opens=java.base/java.lang.invoke=ALL-UNNAMED --add-opens=java.base/java.util=ALL-UNNAMED --add-opens=java.prefs/java.util.prefs=ALL-UNNAMED --add-opens=java.prefs/java.util.prefs=ALL-UNNAMED --add-opens=java.base/java.nio.charset=ALL-UNNAMED --add-opens=java.base/java.net=ALL-UNNAMED --add-opens=java.base/java.util.concurrent.atomic=ALL-UNNAMED -Xmx2048m -Dfile.encoding=UTF-8 -Duser.country=RU -Duser.language=ru -Duser.variant 
java_command: org.gradle.launcher.daemon.bootstrap.GradleDaemon 7.0.2
java_class_path (initial): C:\Users\Veronika\.gradle\wrapper\dists\gradle-7.0.2-bin\857tjihv64xamwrf0h14cai3r\gradle-7.0.2\lib\gradle-launcher-7.0.2.jar
Launcher Type: SUN_STANDARD

[Global flags]
     intx CICompilerCount                          = 3                                         {product} {ergonomic}
     uint ConcGCThreads                            = 1                                         {product} {ergonomic}
     uint G1ConcRefinementThreads                  = 4                                         {product} {ergonomic}
   size_t G1HeapRegionSize                         = 1048576                                   {product} {ergonomic}
    uintx GCDrainStackTargetSize                   = 64                                        {product} {ergonomic}
   size_t InitialHeapSize                          = 134217728                                 {product} {ergonomic}
   size_t MarkStackSize                            = 4194304                                   {product} {ergonomic}
   size_t MaxHeapSize                              = 2147483648                                {product} {command line}
   size_t MaxNewSize                               = 1287651328                                {product} {ergonomic}
   size_t MinHeapDeltaBytes                        = 1048576                                   {product} {ergonomic}
    uintx NonNMethodCodeHeapSize                   = 5830732                                {pd product} {ergonomic}
    uintx NonProfiledCodeHeapSize                  = 122913754                              {pd product} {ergonomic}
    uintx ProfiledCodeHeapSize                     = 122913754                              {pd product} {ergonomic}
    uintx ReservedCodeCacheSize                    = 251658240                              {pd product} {ergonomic}
     bool SegmentedCodeCache                       = true                                      {product} {ergonomic}
     bool UseCompressedClassPointers               = true                                 {lp64_product} {ergonomic}
     bool UseCompressedOops                        = true                                 {lp64_product} {ergonomic}
     bool UseG1GC                                  = true                                      {product} {ergonomic}
     bool UseLargePagesIndividualAllocation        = false                                  {pd product} {ergonomic}

Logging:
Log output configuration:
 #0: stdout all=warning uptime,level,tags
 #1: stderr all=off uptime,level,tags

Environment Variables:
JAVA_HOME=C:\Program Files\Java\jdk-16.0.2
CLASSPATH=.
PATH=C:\Program Files\Common Files\Oracle\Java\javapath;C:\app\ora_admin\product\12.2.0\dbhome_1\bin;C:\Windows\system32;C:\Windows;C:\Windows\System32\Wbem;C:\Windows\System32\WindowsPowerShell\v1.0\;C:\Program Files\dotnet\;C:\Program Files\Microsoft SQL Server\130\Tools\Binn\;C:\Program Files\Git\cmd;C:\Program Files\nodejs\;A:\3k2s\PI\apache-ant-1.10.9-bin\apache-ant-1.10.9\bin;C:\Program Files\Java\jdk-16.0.2\bin;C:\Program Files\Microsoft SQL Server\Client SDK\ODBC\170\Tools\Binn\;C:\Users\Veronika\AppData\Local\Programs\Python\Python39\;C:\Users\Veronika\AppData\Local\Programs\Python\Python39\Scripts\;C:\Users\Veronika\AppData\Local\Microsoft\WindowsApps;C:\Users\Veronika\.dotnet\tools;C:\Users\Veronika\AppData\Roaming\npm;C:\Users\Veronika\AppData\Local\Programs\Microsoft VS Code\bin;D:\webdriver;C:\Program Files\Java\jdk-16.0.2\bin;C:\Program Files\JetBrains\PyCharm 2021.2.1\bin;;
USERNAME=Veronika
OS=Windows_NT
PROCESSOR_IDENTIFIER=Intel64 Family 6 Model 142 Stepping 9, GenuineIntel



---------------  S Y S T E M  ---------------

OS: Windows 10 , 64 bit Build 17763 (10.0.17763.1339)
OS uptime: 0 days 1:17 hours

CPU:total 4 (initial active 4) (2 cores per cpu, 2 threads per core) family 6 model 142 stepping 9 microcode 0x84, cmov, cx8, fxsr, mmx, sse, sse2, sse3, ssse3, sse4.1, sse4.2, popcnt, avx, avx2, aes, clmul, erms, 3dnowpref, lzcnt, ht, tsc, tscinvbit, bmi1, bmi2, adx, fma

Memory: 4k page, system-wide physical 8073M (242M free)
TotalPageFile size 10121M (AvailPageFile size 2M)
current process WorkingSet (physical memory assigned to process): 248M, peak: 248M
current process commit charge ("private bytes"): 310M, peak: 312M

vm_info: OpenJDK 64-Bit Server VM (11.0.10+0-b96-7249189) for windows-amd64 JRE (11.0.10+0-b96-7249189), built on Mar 31 2021 21:44:00 by "builder" with MS VC++ 14.0 (VS2015)

END.
